<?xml version="1.0" encoding="UTF-8"?>
<testng-results ignored="0" total="1" passed="1" failed="0" skipped="0">
  <reporter-output>
  </reporter-output>
  <suite started-at="2023-02-26T16:37:20 IST" name="Default suite" finished-at="2023-02-26T16:38:35 IST" duration-ms="75479">
    <groups>
    </groups>
    <test started-at="2023-02-26T16:37:20 IST" name="Default test" finished-at="2023-02-26T16:38:35 IST" duration-ms="75479">
      <class name="testcases.SearchRoundtripTest">
        <test-method is-config="true" signature="TestInitializer()[pri:0, instance:testcases.SearchRoundtripTest@18d87d80]" started-at="2023-02-26T16:37:19 IST" name="TestInitializer" finished-at="2023-02-26T16:37:20 IST" duration-ms="509" status="PASS">
          <reporter-output>
          </reporter-output>
        </test-method> <!-- TestInitializer -->
        <test-method is-config="true" signature="startup()[pri:0, instance:testcases.SearchRoundtripTest@18d87d80]" started-at="2023-02-26T16:37:20 IST" name="startup" finished-at="2023-02-26T16:38:07 IST" duration-ms="46825" status="PASS">
          <reporter-output>
          </reporter-output>
        </test-method> <!-- startup -->
        <test-method signature="FlightSearch()[pri:0, instance:testcases.SearchRoundtripTest@18d87d80]" started-at="2023-02-26T16:38:07 IST" name="FlightSearch" finished-at="2023-02-26T16:38:33 IST" duration-ms="25967" status="PASS">
          <reporter-output>
          </reporter-output>
        </test-method> <!-- FlightSearch -->
        <test-method is-config="true" signature="testCloserIT(org.testng.ITestResult)[pri:0, instance:testcases.SearchRoundtripTest@18d87d80]" started-at="2023-02-26T16:38:33 IST" name="testCloserIT" finished-at="2023-02-26T16:38:35 IST" duration-ms="2584" status="PASS">
          <params>
            <param index="0">
              <value>
                <![CDATA[[TestResult name=FlightSearch status=SUCCESS method=SearchRoundtripTest.FlightSearch()[pri:0, instance:testcases.SearchRoundtripTest@18d87d80] output={null}]]]>
              </value>
            </param>
          </params>
          <reporter-output>
          </reporter-output>
        </test-method> <!-- testCloserIT -->
        <test-method is-config="true" signature="FinalTest()[pri:0, instance:testcases.SearchRoundtripTest@18d87d80]" started-at="2023-02-26T16:38:35 IST" name="FinalTest" finished-at="2023-02-26T16:38:36 IST" duration-ms="892" status="PASS">
          <reporter-output>
          </reporter-output>
        </test-method> <!-- FinalTest -->
      </class> <!-- testcases.SearchRoundtripTest -->
    </test> <!-- Default test -->
  </suite> <!-- Default suite -->
</testng-results>
